<?xml version="1.0" encoding="UTF-8"?>
<coverage generated="1716544269499" clover="3.2.0">
  <project timestamp="1716544269500" name="All files">
    <metrics statements="37" coveredstatements="37" conditionals="27" coveredconditionals="27" methods="6" coveredmethods="6" elements="70" coveredelements="70" complexity="0" loc="37" ncloc="37" packages="1" files="2" classes="2"/>
    <file name="helper.js" path="C:\Users\APAR SOLANKI\OneDrive\Desktop\midaas\backend\utils\helper.js">
      <metrics statements="9" coveredstatements="9" conditionals="5" coveredconditionals="5" methods="3" coveredmethods="3"/>
      <line num="5" count="1" type="stmt"/>
      <line num="6" count="1" type="cond" truecount="1" falsecount="0"/>
      <line num="7" count="16" type="cond" truecount="4" falsecount="0"/>
      <line num="10" count="4" type="stmt"/>
      <line num="13" count="4" type="stmt"/>
      <line num="15" count="22" type="stmt"/>
      <line num="19" count="8" type="stmt"/>
      <line num="21" count="32" type="stmt"/>
      <line num="26" count="1" type="stmt"/>
    </file>
    <file name="primeAlgo.js" path="C:\Users\APAR SOLANKI\OneDrive\Desktop\midaas\backend\utils\primeAlgo.js">
      <metrics statements="28" coveredstatements="28" conditionals="22" coveredconditionals="22" methods="3" coveredmethods="3"/>
      <line num="10" count="22" type="cond" truecount="2" falsecount="0"/>
      <line num="11" count="2" type="stmt"/>
      <line num="13" count="20" type="cond" truecount="2" falsecount="0"/>
      <line num="14" count="2" type="stmt"/>
      <line num="16" count="18" type="cond" truecount="4" falsecount="0"/>
      <line num="17" count="13" type="stmt"/>
      <line num="19" count="5" type="stmt"/>
      <line num="20" count="2" type="cond" truecount="4" falsecount="0"/>
      <line num="21" count="1" type="stmt"/>
      <line num="24" count="4" type="stmt"/>
      <line num="29" count="32" type="cond" truecount="2" falsecount="0"/>
      <line num="30" count="3" type="stmt"/>
      <line num="34" count="29" type="stmt"/>
      <line num="35" count="37" type="cond" truecount="2" falsecount="0"/>
      <line num="36" count="19" type="stmt"/>
      <line num="39" count="10" type="stmt"/>
      <line num="49" count="4" type="cond" truecount="2" falsecount="0"/>
      <line num="50" count="3" type="stmt"/>
      <line num="51" count="3" type="stmt"/>
      <line num="52" count="3" type="stmt"/>
      <line num="53" count="9" type="cond" truecount="2" falsecount="0"/>
      <line num="54" count="7" type="stmt"/>
      <line num="55" count="42" type="stmt"/>
      <line num="59" count="3" type="stmt"/>
      <line num="60" count="3" type="stmt"/>
      <line num="61" count="21" type="cond" truecount="2" falsecount="0"/>
      <line num="63" count="3" type="stmt"/>
      <line num="65" count="1" type="stmt"/>
    </file>
  </project>
</coverage>
