<?xml version="1.0" encoding="UTF-8"?>
<coverage generated="1716290854267" clover="3.2.0">
  <project timestamp="1716290854267" name="All files">
    <metrics statements="33" coveredstatements="33" conditionals="27" coveredconditionals="27" methods="6" coveredmethods="6" elements="66" coveredelements="66" complexity="0" loc="33" ncloc="33" packages="1" files="1" classes="1"/>
    <file name="helper.js" path="C:\Users\APAR SOLANKI\OneDrive\Desktop\midaas\backend\utils\helper.js">
      <metrics statements="33" coveredstatements="33" conditionals="27" coveredconditionals="27" methods="6" coveredmethods="6"/>
      <line num="11" count="22" type="cond" truecount="2" falsecount="0"/>
      <line num="12" count="2" type="stmt"/>
      <line num="14" count="20" type="cond" truecount="2" falsecount="0"/>
      <line num="15" count="2" type="stmt"/>
      <line num="17" count="18" type="cond" truecount="4" falsecount="0"/>
      <line num="18" count="13" type="stmt"/>
      <line num="20" count="5" type="stmt"/>
      <line num="21" count="2" type="cond" truecount="4" falsecount="0"/>
      <line num="22" count="1" type="stmt"/>
      <line num="25" count="4" type="stmt"/>
      <line num="30" count="22" type="cond" truecount="2" falsecount="0"/>
      <line num="31" count="2" type="stmt"/>
      <line num="35" count="20" type="stmt"/>
      <line num="36" count="29" type="cond" truecount="2" falsecount="0"/>
      <line num="37" count="14" type="stmt"/>
      <line num="40" count="6" type="stmt"/>
      <line num="50" count="4" type="cond" truecount="2" falsecount="0"/>
      <line num="51" count="3" type="stmt"/>
      <line num="52" count="3" type="stmt"/>
      <line num="53" count="3" type="stmt"/>
      <line num="54" count="9" type="cond" truecount="2" falsecount="0"/>
      <line num="55" count="7" type="stmt"/>
      <line num="56" count="42" type="stmt"/>
      <line num="60" count="3" type="stmt"/>
      <line num="61" count="3" type="stmt"/>
      <line num="62" count="21" type="cond" truecount="2" falsecount="0"/>
      <line num="64" count="3" type="stmt"/>
      <line num="69" count="15" type="cond" truecount="2" falsecount="0"/>
      <line num="70" count="4" type="stmt"/>
      <line num="72" count="11" type="cond" truecount="2" falsecount="0"/>
      <line num="74" count="22" type="stmt"/>
      <line num="80" count="22" type="stmt"/>
      <line num="86" count="1" type="stmt"/>
    </file>
  </project>
</coverage>
