TN:
SF:utils\helper.js
FN:3,basicOptimisedAlgo
FN:29,basicAlgo
FN:44,sieveOfEratosthenes
FN:67,primesInRange
FN:74,(anonymous_4)
FN:80,(anonymous_5)
FNF:6
FNH:6
FNDA:22,basicOptimisedAlgo
FNDA:22,basicAlgo
FNDA:4,sieveOfEratosthenes
FNDA:15,primesInRange
FNDA:22,(anonymous_4)
FNDA:22,(anonymous_5)
DA:11,22
DA:12,2
DA:14,20
DA:15,2
DA:17,18
DA:18,13
DA:20,5
DA:21,2
DA:22,1
DA:25,4
DA:30,22
DA:31,2
DA:35,20
DA:36,29
DA:37,14
DA:40,6
DA:50,4
DA:51,3
DA:52,3
DA:53,3
DA:54,9
DA:55,7
DA:56,42
DA:60,3
DA:61,3
DA:62,21
DA:64,3
DA:69,15
DA:70,4
DA:72,11
DA:74,22
DA:80,22
DA:86,1
LF:33
LH:33
BRDA:11,0,0,2
BRDA:11,0,1,20
BRDA:14,1,0,2
BRDA:14,1,1,18
BRDA:17,2,0,13
BRDA:17,2,1,5
BRDA:17,3,0,18
BRDA:17,3,1,8
BRDA:21,4,0,1
BRDA:21,4,1,1
BRDA:21,5,0,2
BRDA:21,5,1,1
BRDA:30,6,0,2
BRDA:30,6,1,20
BRDA:36,7,0,14
BRDA:36,7,1,15
BRDA:50,8,0,1
BRDA:50,8,1,3
BRDA:54,9,0,7
BRDA:54,9,1,2
BRDA:62,10,0,6
BRDA:62,10,1,15
BRDA:67,11,0,5
BRDA:69,12,0,4
BRDA:69,12,1,11
BRDA:72,13,0,4
BRDA:72,13,1,7
BRF:27
BRH:27
end_of_record
