TN:
SF:utils\helper.js
FN:6,(anonymous_0)
FN:15,(anonymous_1)
FN:21,(anonymous_2)
FNF:3
FNH:3
FNDA:16,(anonymous_0)
FNDA:22,(anonymous_1)
FNDA:32,(anonymous_2)
DA:5,1
DA:6,1
DA:7,16
DA:10,4
DA:13,4
DA:15,22
DA:19,8
DA:21,32
DA:26,1
LF:9
LH:9
BRDA:6,0,0,5
BRDA:7,1,0,4
BRDA:7,1,1,4
BRDA:7,1,2,7
BRDA:7,1,3,8
BRF:5
BRH:5
end_of_record
TN:
SF:utils\primeAlgo.js
FN:2,basicOptimisedAlgo
FN:28,basicAlgo
FN:43,sieveOfEratosthenes
FNF:3
FNH:3
FNDA:22,basicOptimisedAlgo
FNDA:32,basicAlgo
FNDA:4,sieveOfEratosthenes
DA:10,22
DA:11,2
DA:13,20
DA:14,2
DA:16,18
DA:17,13
DA:19,5
DA:20,2
DA:21,1
DA:24,4
DA:29,32
DA:30,3
DA:34,29
DA:35,37
DA:36,19
DA:39,10
DA:49,4
DA:50,3
DA:51,3
DA:52,3
DA:53,9
DA:54,7
DA:55,42
DA:59,3
DA:60,3
DA:61,21
DA:63,3
DA:65,1
LF:28
LH:28
BRDA:10,0,0,2
BRDA:10,0,1,20
BRDA:13,1,0,2
BRDA:13,1,1,18
BRDA:16,2,0,13
BRDA:16,2,1,5
BRDA:16,3,0,18
BRDA:16,3,1,8
BRDA:20,4,0,1
BRDA:20,4,1,1
BRDA:20,5,0,2
BRDA:20,5,1,1
BRDA:29,6,0,3
BRDA:29,6,1,29
BRDA:35,7,0,19
BRDA:35,7,1,18
BRDA:49,8,0,1
BRDA:49,8,1,3
BRDA:53,9,0,7
BRDA:53,9,1,2
BRDA:61,10,0,6
BRDA:61,10,1,15
BRF:22
BRH:22
end_of_record
